Vision risk:
model_size_gb=3.00
gpu_vram_gb=8.00
image=60x60
temp_file_size=8.0 KB
image_cost_gb=0.05
ratio=0.38
level=low_risk
reason=La configuration matérielle et le modèle semblent adaptés pour un traitement rapide.
Vision risk:
model_size_gb=5.50
gpu_vram_gb=6.00
image=60x60
temp_file_size=8.0 KB
image_cost_gb=0.05
ratio=0.92
level=moderate_risk
reason=Modèle légèrement supérieur à la VRAM détectée, mais image très petite.
Vision risk:
model_size_gb=8.50
gpu_vram_gb=6.00
image=60x60
temp_file_size=8.0 KB
image_cost_gb=0.05
ratio=1.43
level=high_risk
reason=Le ratio taille estimée/VRAM est critique (1.43).
Vision risk:
model_size_gb=2.00
gpu_vram_gb=3.00
image=200x200
temp_file_size=20.0 KB
image_cost_gb=0.15
ratio=0.87
level=high_risk
reason=VRAM faible (3.0 Go) avec modèle lourd ou image moyenne/grande.
Vision risk:
model_size_gb=1.50
gpu_vram_gb=3.00
image=60x60
temp_file_size=8.0 KB
image_cost_gb=0.05
ratio=0.67
level=low_risk
reason=La configuration matérielle et le modèle semblent adaptés pour un traitement rapide.
Vision risk:
model_size_gb=5.50
gpu_vram_gb=6.00
image=700x700
temp_file_size=50.0 KB
image_cost_gb=0.35
ratio=0.97
level=high_risk
reason=Grande image (proche de 768x768) envoyée avec un modèle déjà lourd.
Vision risk:
model_size_gb=5.50
gpu_vram_gb=6.00
image=200x200, 200x200
temp_file_size=20.0 KB, 20.0 KB
image_cost_gb=0.30
ratio=0.97
level=high_risk
reason=Plusieurs images moyennes/grandes (2) envoyées avec un modèle déjà lourd.
Vision risk:
model_size_gb=8.00
gpu_vram_gb=6.00
image=768x768
temp_file_size=100.0 KB
image_cost_gb=0.35
ratio=1.39
level=high_risk
reason=Le ratio taille estimée/VRAM est critique (1.39).
Vision risk:
model_size_gb=None
gpu_vram_gb=None
image_count=1
level=moderate_risk
reason=Impossible de détecter précisément la VRAM ou la taille du modèle installé. Risque modéré par défaut.
Vision risk:
model_size_gb=7.04
gpu_vram_gb=6.00
image=71x85
temp_file_size=3.1 KB
image_cost_gb=0.05
ratio=1.18
level=moderate_risk
reason=Modèle légèrement supérieur à la VRAM détectée, mais image très petite.
[DIAGNOSTIC ENVOI]
  Modèle actif             : gemma4:latest
  Présence d'images        : True (1 images)
  Texte final envoyé       : 'peux tu analyser cette image?'
  Chemins temporaires      : ['C:\\Users\\Utilisateur\\Documents\\Dev\\ma propre ia locale\\data\\attachments\\temp_7e39f4f0-17b8-4809-b3e4-405b3c2aa38f.jpg']
  Évaluation du risque     : moderate_risk (Modèle légèrement supérieur à la VRAM détectée, mais image très petite.)

Vision risk:
model_size_gb=3.00
gpu_vram_gb=8.00
image=60x60
temp_file_size=8.0 KB
image_cost_gb=0.05
ratio=0.38
level=low_risk
reason=La configuration matérielle et le modèle semblent adaptés pour un traitement rapide.
Vision risk:
model_size_gb=5.50
gpu_vram_gb=6.00
image=60x60
temp_file_size=8.0 KB
image_cost_gb=0.05
ratio=0.92
level=moderate_risk
reason=Modèle légèrement supérieur à la VRAM détectée, mais image très petite.
Vision risk:
model_size_gb=8.50
gpu_vram_gb=6.00
image=60x60
temp_file_size=8.0 KB
image_cost_gb=0.05
ratio=1.43
level=high_risk
reason=Le ratio taille estimée/VRAM est critique (1.43).
Vision risk:
model_size_gb=2.00
gpu_vram_gb=3.00
image=200x200
temp_file_size=20.0 KB
image_cost_gb=0.15
ratio=0.87
level=high_risk
reason=VRAM faible (3.0 Go) avec modèle lourd ou image moyenne/grande.
Vision risk:
model_size_gb=1.50
gpu_vram_gb=3.00
image=60x60
temp_file_size=8.0 KB
image_cost_gb=0.05
ratio=0.67
level=low_risk
reason=La configuration matérielle et le modèle semblent adaptés pour un traitement rapide.
Vision risk:
model_size_gb=5.50
gpu_vram_gb=6.00
image=700x700
temp_file_size=50.0 KB
image_cost_gb=0.35
ratio=0.97
level=high_risk
reason=Grande image (proche de 768x768) envoyée avec un modèle déjà lourd.
Vision risk:
model_size_gb=5.50
gpu_vram_gb=6.00
image=200x200, 200x200
temp_file_size=20.0 KB, 20.0 KB
image_cost_gb=0.30
ratio=0.97
level=high_risk
reason=Plusieurs images moyennes/grandes (2) envoyées avec un modèle déjà lourd.
Vision risk:
model_size_gb=8.00
gpu_vram_gb=6.00
image=768x768
temp_file_size=100.0 KB
image_cost_gb=0.35
ratio=1.39
level=high_risk
reason=Le ratio taille estimée/VRAM est critique (1.39).
Vision risk:
model_size_gb=None
gpu_vram_gb=None
image_count=1
level=moderate_risk
reason=Impossible de détecter précisément la VRAM ou la taille du modèle installé. Risque modéré par défaut.
